{
  "RSpec": {
    "coverage": {
      "/Users/chris/CodeProjects/Makers/wk-8/acebook-floppy-disk/app/models/user.rb": [
        1,
        1,
        1,
        null,
        null,
        null,
        null,
        null,
        1,
        null,
        null,
        null,
        1,
        null,
        null,
        1,
        1,
        1,
        1,
        null,
        1,
        1,
        null,
        null,
        1,
        null,
        1,
        55,
        55,
        null,
        null
      ],
      "/Users/chris/CodeProjects/Makers/wk-8/acebook-floppy-disk/app/models/application_record.rb": [
        1,
        1,
        null
      ],
      "/Users/chris/CodeProjects/Makers/wk-8/acebook-floppy-disk/app/controllers/comments_controller.rb": [
        1,
        1,
        2,
        2,
        2,
        null,
        null,
        1,
        null,
        1,
        2,
        null,
        null
      ],
      "/Users/chris/CodeProjects/Makers/wk-8/acebook-floppy-disk/app/controllers/application_controller.rb": [
        1,
        1,
        1,
        13,
        null,
        1,
        null,
        1,
        56,
        5,
        null,
        null,
        null
      ],
      "/Users/chris/CodeProjects/Makers/wk-8/acebook-floppy-disk/app/controllers/likes_controller.rb": [
        1,
        1,
        1,
        null,
        1,
        2,
        0,
        null,
        2,
        null,
        2,
        null,
        null,
        1,
        2,
        0,
        null,
        2,
        null,
        2,
        null,
        null,
        1,
        null,
        1,
        2,
        null,
        null,
        1,
        null,
        2,
        null,
        null,
        1,
        4,
        null,
        null
      ],
      "/Users/chris/CodeProjects/Makers/wk-8/acebook-floppy-disk/app/controllers/posts_controller.rb": [
        1,
        1,
        1,
        1,
        null,
        1,
        1,
        1,
        1,
        null,
        0,
        null,
        null,
        null,
        1,
        11,
        2,
        null,
        9,
        null,
        11,
        11,
        null,
        null,
        1,
        3,
        3,
        3,
        null,
        null,
        1,
        19,
        null,
        null,
        1,
        null,
        null,
        1,
        1,
        1,
        1,
        null,
        null,
        null,
        1,
        null,
        1,
        12,
        null,
        null,
        1,
        2,
        2,
        null,
        null,
        1,
        9,
        null,
        null,
        1,
        20,
        null,
        null,
        1,
        5,
        null,
        null,
        null
      ],
      "/Users/chris/CodeProjects/Makers/wk-8/acebook-floppy-disk/app/controllers/users_controller.rb": [
        1,
        1,
        null,
        1,
        15,
        15,
        15,
        null,
        null
      ],
      "/Users/chris/CodeProjects/Makers/wk-8/acebook-floppy-disk/app/models/comment.rb": [
        1,
        1,
        1,
        null,
        1,
        null
      ],
      "/Users/chris/CodeProjects/Makers/wk-8/acebook-floppy-disk/app/models/like.rb": [
        1,
        1,
        1,
        null
      ],
      "/Users/chris/CodeProjects/Makers/wk-8/acebook-floppy-disk/app/models/post.rb": [
        1,
        1,
        null,
        1,
        1,
        1,
        null,
        1,
        1,
        null,
        null,
        null,
        null
      ],
      "/Users/chris/CodeProjects/Makers/wk-8/acebook-floppy-disk/app/models/timeline.rb": [
        1,
        1,
        null
      ],
      "/Users/chris/CodeProjects/Makers/wk-8/acebook-floppy-disk/app/controllers/registrations_controller.rb": [
        1,
        1,
        1,
        1,
        18,
        null,
        null,
        null,
        null,
        null,
        null,
        1,
        0,
        null,
        null,
        null,
        null,
        null,
        null,
        null,
        1,
        18,
        null,
        null
      ]
    },
    "timestamp": 1547225105
  }
}
